app/build/outputs/logs/manifest-merger-debug-report.txt
-- Merging decision tree log ---
manifest
ADDED from src/main/AndroidManifest.xml:2:1-81:12
INJECTED from src/main/AndroidManifest.xml:2:1-81:12
INJECTED from src/main/AndroidManifest.xml:2:1-81:12
INJECTED from src/main/AndroidManifest.xml:2:1-81:12
MERGED from [:library] AndroidManifest.xml:2:1-11:12
MERGED from [com.zhy:autolayout:1.4.5] AndroidManifest.xml:2:1-12:12
MERGED from [com.github.hackware1993:MagicIndicator:1.5.0] AndroidManifest.xml:2:1-12:12
MERGED from [com.ashokvarma.android:bottom-navigation-bar:1.3.0] AndroidManifest.xml:2:1-15:12
MERGED from [com.github.lguipeng:BubbleView:1.0.1] AndroidManifest.xml:2:1-16:12
MERGED from [com.android.support:design:27.1.0] AndroidManifest.xml:17:1-22:12
MERGED from [com.android.support:appcompat-v7:27.1.0] AndroidManifest.xml:17:1-22:12
MERGED from [com.android.support.constraint:constraint-layout:1.0.2] AndroidManifest.xml:2:1-11:12
MERGED from [:easeui] AndroidManifest.xml:2:1-9:12
MERGED from [com.google.android.gms:play-services-base:11.4.0] AndroidManifest.xml:16:1-21:12
MERGED from [com.google.android.gms:play-services-tasks:11.4.0] AndroidManifest.xml:2:1-5:12
MERGED from [com.google.android.gms:play-services-basement:11.4.0] AndroidManifest.xml:16:1-23:12
MERGED from [com.android.support:support-v4:27.1.0] AndroidManifest.xml:17:1-22:12
MERGED from [com.android.support:recyclerview-v7:27.1.0] AndroidManifest.xml:17:1-22:12
MERGED from [com.android.support:cardview-v7:27.1.0] AndroidManifest.xml:17:1-22:12
MERGED from [de.hdodenhof:circleimageview:2.2.0] AndroidManifest.xml:2:1-11:12
MERGED from [:animationTools] AndroidManifest.xml:2:1-11:12
MERGED from [io.reactivex.rxjava2:rxandroid:2.0.1] AndroidManifest.xml:15:1-21:12
MERGED from [id.zelory:compressor:2.1.0] AndroidManifest.xml:2:1-12:12
MERGED from [com.jakewharton:butterknife:8.5.1] AndroidManifest.xml:2:1-7:12
MERGED from [top.zibin:Luban:1.1.3] AndroidManifest.xml:2:1-11:12
MERGED from [com.ghnor:flora:1.0.0-alpha1] AndroidManifest.xml:2:1-17:12
MERGED from [com.youth.banner:banner:1.4.10] AndroidManifest.xml:2:1-11:12
MERGED from [com.github.orangegangsters:swipy:1.2.3] AndroidManifest.xml:2:1-14:12
MERGED from [com.scwang.smartrefresh:SmartRefreshLayout:1.0.5-alpha-3] AndroidManifest.xml:2:1-17:12
MERGED from [:LiteAVSDK_Player_4.1.3173:] AndroidManifest.xml:2:1-24:12
MERGED from [com.github.ctiao:DanmakuFlameMaster:0.9.25] AndroidManifest.xml:17:1-26:12
MERGED from [com.github.ctiao:ndkbitmap-armv7a:0.9.21] AndroidManifest.xml:2:1-13:12
MERGED from [q.rorbin:badgeview:1.1.3] AndroidManifest.xml:2:1-13:12
MERGED from [com.tbruyelle.rxpermissions2:rxpermissions:0.9.5] AndroidManifest.xml:2:1-13:12
MERGED from [com.android.support:support-fragment:27.1.0] AndroidManifest.xml:17:1-22:12
MERGED from [com.android.support:animated-vector-drawable:27.1.0] AndroidManifest.xml:17:1-22:12
MERGED from [com.android.support:support-core-ui:27.1.0] AndroidManifest.xml:17:1-22:12
MERGED from [com.android.support:support-core-utils:27.1.0] AndroidManifest.xml:17:1-22:12
MERGED from [com.android.support:support-vector-drawable:27.1.0] AndroidManifest.xml:17:1-22:12
MERGED from [com.android.support:transition:27.1.0] AndroidManifest.xml:17:1-22:12
MERGED from [com.android.support:support-media-compat:27.1.0] AndroidManifest.xml:17:1-22:12
MERGED from [com.android.support:support-compat:27.1.0] AndroidManifest.xml:17:1-22:12
MERGED from [io.reactivex:rxandroid:1.2.0] AndroidManifest.xml:15:1-21:12
MERGED from [android.arch.lifecycle:livedata-core:1.1.0] AndroidManifest.xml:17:1-22:12
MERGED from [android.arch.lifecycle:viewmodel:1.1.0] AndroidManifest.xml:17:1-22:12
MERGED from [android.arch.lifecycle:runtime:1.1.0] AndroidManifest.xml:17:1-22:12
MERGED from [android.arch.core:runtime:1.1.0] AndroidManifest.xml:17:1-22:12
INJECTED from src/main/AndroidManifest.xml:2:1-81:12
INJECTED from src/main/AndroidManifest.xml:2:1-81:12
INJECTED from src/main/AndroidManifest.xml:2:1-81:12
	package
		ADDED from src/main/AndroidManifest.xml:3:5-26
		INJECTED from src/main/AndroidManifest.xml
		INJECTED from src/main/AndroidManifest.xml
	android:versionName
		INJECTED from src/main/AndroidManifest.xml
		ADDED from src/main/AndroidManifest.xml:2:1-81:12
		INJECTED from src/main/AndroidManifest.xml
	android:versionCode
		INJECTED from src/main/AndroidManifest.xml
		ADDED from src/main/AndroidManifest.xml:2:1-81:12
		INJECTED from src/main/AndroidManifest.xml
	xmlns:android
		ADDED from src/main/AndroidManifest.xml:2:11-69
uses-permission#android.permission.INTERNET
ADDED from src/main/AndroidManifest.xml:5:5-67
MERGED from [:LiteAVSDK_Player_4.1.3173:] AndroidManifest.xml:12:5-67
MERGED from [:LiteAVSDK_Player_4.1.3173:] AndroidManifest.xml:12:5-67
	android:name
		ADDED from src/main/AndroidManifest.xml:5:22-64
uses-permission#android.permission.ACCESS_NETWORK_STATE
ADDED from src/main/AndroidManifest.xml:6:5-79
MERGED from [:LiteAVSDK_Player_4.1.3173:] AndroidManifest.xml:11:5-79
MERGED from [:LiteAVSDK_Player_4.1.3173:] AndroidManifest.xml:11:5-79
	android:name
		ADDED from src/main/AndroidManifest.xml:6:22-76
uses-permission#android.permission.ACCESS_WIFI_STATE
ADDED from src/main/AndroidManifest.xml:7:5-76
MERGED from [:LiteAVSDK_Player_4.1.3173:] AndroidManifest.xml:16:5-76
MERGED from [:LiteAVSDK_Player_4.1.3173:] AndroidManifest.xml:16:5-76
	android:name
		ADDED from src/main/AndroidManifest.xml:7:22-73
uses-permission#android.permission.READ_PHONE_STATE
ADDED from src/main/AndroidManifest.xml:8:5-75
	android:name
		ADDED from src/main/AndroidManifest.xml:8:22-72
uses-permission#android.permission.WRITE_EXTERNAL_STORAGE
ADDED from src/main/AndroidManifest.xml:9:5-81
MERGED from [:LiteAVSDK_Player_4.1.3173:] AndroidManifest.xml:15:5-81
MERGED from [:LiteAVSDK_Player_4.1.3173:] AndroidManifest.xml:15:5-81
	android:name
		ADDED from src/main/AndroidManifest.xml:9:22-78
uses-permission#android.permission.READ_EXTERNAL_STORAGE
ADDED from src/main/AndroidManifest.xml:10:5-80
	android:name
		ADDED from src/main/AndroidManifest.xml:10:22-77
uses-permission#android.permission.CAMERA
ADDED from src/main/AndroidManifest.xml:11:5-65
	android:name
		ADDED from src/main/AndroidManifest.xml:11:22-62
uses-permission#android.permission.RECORD_AUDIO
ADDED from src/main/AndroidManifest.xml:12:5-71
MERGED from [:LiteAVSDK_Player_4.1.3173:] AndroidManifest.xml:13:5-71
MERGED from [:LiteAVSDK_Player_4.1.3173:] AndroidManifest.xml:13:5-71
	android:name
		ADDED from src/main/AndroidManifest.xml:12:22-68
uses-permission#android.permission.MOUNT_UNMOUNT_FILESYSTEMS
ADDED from src/main/AndroidManifest.xml:13:5-84
MERGED from [:LiteAVSDK_Player_4.1.3173:] AndroidManifest.xml:14:5-84
MERGED from [:LiteAVSDK_Player_4.1.3173:] AndroidManifest.xml:14:5-84
	android:name
		ADDED from src/main/AndroidManifest.xml:13:22-81
uses-permission#android.permission.READ_LOGS
ADDED from src/main/AndroidManifest.xml:14:5-68
	android:name
		ADDED from src/main/AndroidManifest.xml:14:22-65
uses-permission#android.permission.VIBRATE
ADDED from src/main/AndroidManifest.xml:15:5-66
	android:name
		ADDED from src/main/AndroidManifest.xml:15:22-63
uses-permission#android.permission.ACCESS_FINE_LOCATION
ADDED from src/main/AndroidManifest.xml:16:5-79
	android:name
		ADDED from src/main/AndroidManifest.xml:16:22-76
uses-permission#android.permission.CHANGE_WIFI_STATE
ADDED from src/main/AndroidManifest.xml:17:5-76
	android:name
		ADDED from src/main/AndroidManifest.xml:17:22-73
uses-permission#android.permission.WAKE_LOCK
ADDED from src/main/AndroidManifest.xml:18:5-68
	android:name
		ADDED from src/main/AndroidManifest.xml:18:22-65
uses-permission#android.permission.MODIFY_AUDIO_SETTINGS
ADDED from src/main/AndroidManifest.xml:19:5-80
	android:name
		ADDED from src/main/AndroidManifest.xml:19:22-77
uses-permission#android.permission.RECEIVE_BOOT_COMPLETED
ADDED from src/main/AndroidManifest.xml:20:5-81
	android:name
		ADDED from src/main/AndroidManifest.xml:20:22-78
uses-permission#android.permission.CALL_PHONE
ADDED from src/main/AndroidManifest.xml:21:5-69
	android:name
		ADDED from src/main/AndroidManifest.xml:21:22-66
uses-feature#android.hardware.Camera
ADDED from src/main/AndroidManifest.xml:23:5-60
	android:name
		ADDED from src/main/AndroidManifest.xml:23:19-57
uses-feature#android.hardware.camera.autofocus
ADDED from src/main/AndroidManifest.xml:24:5-70
	android:name
		ADDED from src/main/AndroidManifest.xml:24:19-67
application
ADDED from src/main/AndroidManifest.xml:26:5-79:19
MERGED from [com.ashokvarma.android:bottom-navigation-bar:1.3.0] AndroidManifest.xml:11:5-13:38
MERGED from [com.ashokvarma.android:bottom-navigation-bar:1.3.0] AndroidManifest.xml:11:5-13:38
MERGED from [com.github.lguipeng:BubbleView:1.0.1] AndroidManifest.xml:11:5-14:19
MERGED from [com.github.lguipeng:BubbleView:1.0.1] AndroidManifest.xml:11:5-14:19
MERGED from [com.android.support.constraint:constraint-layout:1.0.2] AndroidManifest.xml:9:5-20
MERGED from [com.android.support.constraint:constraint-layout:1.0.2] AndroidManifest.xml:9:5-20
MERGED from [com.google.android.gms:play-services-base:11.4.0] AndroidManifest.xml:18:5-20:19
MERGED from [com.google.android.gms:play-services-base:11.4.0] AndroidManifest.xml:18:5-20:19
MERGED from [com.google.android.gms:play-services-tasks:11.4.0] AndroidManifest.xml:4:5-19
MERGED from [com.google.android.gms:play-services-tasks:11.4.0] AndroidManifest.xml:4:5-19
MERGED from [com.google.android.gms:play-services-basement:11.4.0] AndroidManifest.xml:19:5-21:19
MERGED from [com.google.android.gms:play-services-basement:11.4.0] AndroidManifest.xml:19:5-21:19
MERGED from [de.hdodenhof:circleimageview:2.2.0] AndroidManifest.xml:9:5-20
MERGED from [de.hdodenhof:circleimageview:2.2.0] AndroidManifest.xml:9:5-20
MERGED from [com.ghnor:flora:1.0.0-alpha1] AndroidManifest.xml:11:5-15:19
MERGED from [com.ghnor:flora:1.0.0-alpha1] AndroidManifest.xml:11:5-15:19
MERGED from [com.github.orangegangsters:swipy:1.2.3] AndroidManifest.xml:11:5-12:19
MERGED from [com.github.orangegangsters:swipy:1.2.3] AndroidManifest.xml:11:5-12:19
MERGED from [com.scwang.smartrefresh:SmartRefreshLayout:1.0.5-alpha-3] AndroidManifest.xml:11:5-15:19
MERGED from [com.scwang.smartrefresh:SmartRefreshLayout:1.0.5-alpha-3] AndroidManifest.xml:11:5-15:19
MERGED from [:LiteAVSDK_Player_4.1.3173:] AndroidManifest.xml:18:5-22:19
MERGED from [:LiteAVSDK_Player_4.1.3173:] AndroidManifest.xml:18:5-22:19
MERGED from [com.github.ctiao:ndkbitmap-armv7a:0.9.21] AndroidManifest.xml:11:5-20
MERGED from [com.github.ctiao:ndkbitmap-armv7a:0.9.21] AndroidManifest.xml:11:5-20
MERGED from [q.rorbin:badgeview:1.1.3] AndroidManifest.xml:11:5-20
MERGED from [q.rorbin:badgeview:1.1.3] AndroidManifest.xml:11:5-20
MERGED from [com.tbruyelle.rxpermissions2:rxpermissions:0.9.5] AndroidManifest.xml:11:5-20
MERGED from [com.tbruyelle.rxpermissions2:rxpermissions:0.9.5] AndroidManifest.xml:11:5-20
	android:supportsRtl
		ADDED from src/main/AndroidManifest.xml:32:9-35
	android:label
		ADDED from src/main/AndroidManifest.xml:30:9-41
	android:roundIcon
		ADDED from src/main/AndroidManifest.xml:31:9-54
	android:icon
		ADDED from src/main/AndroidManifest.xml:29:9-43
	android:allowBackup
		ADDED from src/main/AndroidManifest.xml:28:9-35
	android:theme
		ADDED from src/main/AndroidManifest.xml:33:9-47
	android:name
		ADDED from src/main/AndroidManifest.xml:27:9-40
meta-data#design_width
ADDED from src/main/AndroidManifest.xml:34:9-36:36
	android:value
		ADDED from src/main/AndroidManifest.xml:36:13-33
	android:name
		ADDED from src/main/AndroidManifest.xml:35:13-40
meta-data#design_height
ADDED from src/main/AndroidManifest.xml:37:9-39:36
	android:value
		ADDED from src/main/AndroidManifest.xml:39:13-33
	android:name
		ADDED from src/main/AndroidManifest.xml:38:13-41
service#app.model.service.WebSocketService
ADDED from src/main/AndroidManifest.xml:41:9-43:39
	android:exported
		ADDED from src/main/AndroidManifest.xml:43:13-36
	android:name
		ADDED from src/main/AndroidManifest.xml:42:13-62
activity#app.ui.activity.SplashActivity
ADDED from src/main/AndroidManifest.xml:45:9-67
	android:name
		ADDED from src/main/AndroidManifest.xml:45:19-64
activity#app.ui.activity.LoginActivity
ADDED from src/main/AndroidManifest.xml:46:9-66
	android:name
		ADDED from src/main/AndroidManifest.xml:46:19-63
activity#app.ui.activity.MainActivity
ADDED from src/main/AndroidManifest.xml:47:9-65
	android:name
		ADDED from src/main/AndroidManifest.xml:47:19-62
activity#app.ui.activity.CommonDetailsActivity
ADDED from src/main/AndroidManifest.xml:48:9-74
	android:name
		ADDED from src/main/AndroidManifest.xml:48:19-71
activity#app.ui.activity.GameActivity
ADDED from src/main/AndroidManifest.xml:49:9-65
	android:name
		ADDED from src/main/AndroidManifest.xml:49:19-62
activity#app.ui.activity.SetActivity
ADDED from src/main/AndroidManifest.xml:50:9-64
	android:name
		ADDED from src/main/AndroidManifest.xml:50:19-61
activity#app.ui.activity.RechargeActivity
ADDED from src/main/AndroidManifest.xml:51:9-69
	android:name
		ADDED from src/main/AndroidManifest.xml:51:19-66
activity#app.ui.activity.MyOrderActivity
ADDED from src/main/AndroidManifest.xml:52:9-68
	android:name
		ADDED from src/main/AndroidManifest.xml:52:19-65
activity#app.ui.activity.OtherReasonActivity
ADDED from src/main/AndroidManifest.xml:53:9-72
	android:name
		ADDED from src/main/AndroidManifest.xml:53:19-69
activity#app.ui.activity.GiftBoxActivity
ADDED from src/main/AndroidManifest.xml:54:9-68
	android:name
		ADDED from src/main/AndroidManifest.xml:54:19-65
activity#app.ui.activity.ExchangeActivity
ADDED from src/main/AndroidManifest.xml:55:9-69
	android:name
		ADDED from src/main/AndroidManifest.xml:55:19-66
activity#app.ui.activity.SendActivity
ADDED from src/main/AndroidManifest.xml:56:9-65
	android:name
		ADDED from src/main/AndroidManifest.xml:56:19-62
activity#app.ui.activity.GiftDetailsActivity
ADDED from src/main/AndroidManifest.xml:57:9-72
	android:name
		ADDED from src/main/AndroidManifest.xml:57:19-69
activity#app.ui.activity.PlayHistoryActivity
ADDED from src/main/AndroidManifest.xml:58:9-72
	android:name
		ADDED from src/main/AndroidManifest.xml:58:19-69
activity#app.ui.activity.CatchFailedDetailsActivity
ADDED from src/main/AndroidManifest.xml:59:9-79
	android:name
		ADDED from src/main/AndroidManifest.xml:59:19-76
activity#app.ui.activity.CatchSuccessDetailsActivity
ADDED from src/main/AndroidManifest.xml:60:9-80
	android:name
		ADDED from src/main/AndroidManifest.xml:60:19-77
activity#com.xy.doll.download.DownloadActivity
ADDED from src/main/AndroidManifest.xml:61:9-63
	android:name
		ADDED from src/main/AndroidManifest.xml:61:19-60
activity#com.xy.doll.down.DownActivity
ADDED from src/main/AndroidManifest.xml:62:9-55
	android:name
		ADDED from src/main/AndroidManifest.xml:62:19-52
activity#com.xy.doll.rxjava.RxActivity
ADDED from src/main/AndroidManifest.xml:63:9-55
	android:name
		ADDED from src/main/AndroidManifest.xml:63:19-52
activity#com.xy.doll.custom.CustomActivity
ADDED from src/main/AndroidManifest.xml:64:9-59
	android:name
		ADDED from src/main/AndroidManifest.xml:64:19-56
activity#com.xy.doll.hy.ChatActivity
ADDED from src/main/AndroidManifest.xml:65:9-67:70
	android:windowSoftInputMode
		ADDED from src/main/AndroidManifest.xml:67:13-67
	android:name
		ADDED from src/main/AndroidManifest.xml:66:13-44
activity#com.xy.doll.audio.AudioActivity
ADDED from src/main/AndroidManifest.xml:68:9-57
	android:name
		ADDED from src/main/AndroidManifest.xml:68:19-54
activity#com.xy.doll.scroll.ScrollActivity
ADDED from src/main/AndroidManifest.xml:69:9-68
	android:name
		ADDED from src/main/AndroidManifest.xml:69:19-56
activity#com.xy.doll.animate.AnimateActivity
ADDED from src/main/AndroidManifest.xml:70:9-61
	android:name
		ADDED from src/main/AndroidManifest.xml:70:19-58
activity#com.xy.doll.banner.BannerActivity
ADDED from src/main/AndroidManifest.xml:71:9-59
	android:name
		ADDED from src/main/AndroidManifest.xml:71:19-56
activity#com.xy.doll.pk.PksActivity
ADDED from src/main/AndroidManifest.xml:72:9-52
	android:name
		ADDED from src/main/AndroidManifest.xml:72:19-49
activity#com.xy.doll.bottom.BottomActivity
ADDED from src/main/AndroidManifest.xml:73:9-59
	android:name
		ADDED from src/main/AndroidManifest.xml:73:19-56
activity#com.xy.doll.surface.SurfaceActivity
ADDED from src/main/AndroidManifest.xml:74:9-61
	android:name
		ADDED from src/main/AndroidManifest.xml:74:19-58
activity#com.xy.doll.bottomsheet.SheetActivity
ADDED from src/main/AndroidManifest.xml:75:9-76:20
	android:name
		ADDED from src/main/AndroidManifest.xml:75:19-60
activity#com.xy.doll.sign.SignActivity
ADDED from src/main/AndroidManifest.xml:77:9-64
	android:name
		ADDED from src/main/AndroidManifest.xml:77:19-52
activity#com.xy.doll.ConstraintActivity
ADDED from src/main/AndroidManifest.xml:78:9-65
	android:name
		ADDED from src/main/AndroidManifest.xml:78:19-53
uses-sdk
INJECTED from src/main/AndroidManifest.xml reason: use-sdk injection requested
INJECTED from src/main/AndroidManifest.xml
INJECTED from src/main/AndroidManifest.xml
MERGED from [:library] AndroidManifest.xml:7:5-9:41
MERGED from [:library] AndroidManifest.xml:7:5-9:41
MERGED from [com.zhy:autolayout:1.4.5] AndroidManifest.xml:8:5-10:41
MERGED from [com.zhy:autolayout:1.4.5] AndroidManifest.xml:8:5-10:41
MERGED from [com.github.hackware1993:MagicIndicator:1.5.0] AndroidManifest.xml:8:5-10:41
MERGED from [com.github.hackware1993:MagicIndicator:1.5.0] AndroidManifest.xml:8:5-10:41
MERGED from [com.ashokvarma.android:bottom-navigation-bar:1.3.0] AndroidManifest.xml:7:5-9:41
MERGED from [com.ashokvarma.android:bottom-navigation-bar:1.3.0] AndroidManifest.xml:7:5-9:41
MERGED from [com.github.lguipeng:BubbleView:1.0.1] AndroidManifest.xml:7:5-9:41
MERGED from [com.github.lguipeng:BubbleView:1.0.1] AndroidManifest.xml:7:5-9:41
MERGED from [com.android.support:design:27.1.0] AndroidManifest.xml:20:5-44
MERGED from [com.android.support:design:27.1.0] AndroidManifest.xml:20:5-44
MERGED from [com.android.support:appcompat-v7:27.1.0] AndroidManifest.xml:20:5-44
MERGED from [com.android.support:appcompat-v7:27.1.0] AndroidManifest.xml:20:5-44
MERGED from [com.android.support.constraint:constraint-layout:1.0.2] AndroidManifest.xml:5:5-7:41
MERGED from [com.android.support.constraint:constraint-layout:1.0.2] AndroidManifest.xml:5:5-7:41
MERGED from [:easeui] AndroidManifest.xml:5:5-7:41
MERGED from [:easeui] AndroidManifest.xml:5:5-7:41
MERGED from [com.google.android.gms:play-services-base:11.4.0] AndroidManifest.xml:17:5-43
MERGED from [com.google.android.gms:play-services-base:11.4.0] AndroidManifest.xml:17:5-43
MERGED from [com.google.android.gms:play-services-tasks:11.4.0] AndroidManifest.xml:3:5-43
MERGED from [com.google.android.gms:play-services-tasks:11.4.0] AndroidManifest.xml:3:5-43
MERGED from [com.google.android.gms:play-services-basement:11.4.0] AndroidManifest.xml:17:5-43
MERGED from [com.google.android.gms:play-services-basement:11.4.0] AndroidManifest.xml:17:5-43
MERGED from [com.android.support:support-v4:27.1.0] AndroidManifest.xml:20:5-44
MERGED from [com.android.support:support-v4:27.1.0] AndroidManifest.xml:20:5-44
MERGED from [com.android.support:recyclerview-v7:27.1.0] AndroidManifest.xml:20:5-44
MERGED from [com.android.support:recyclerview-v7:27.1.0] AndroidManifest.xml:20:5-44
MERGED from [com.android.support:cardview-v7:27.1.0] AndroidManifest.xml:20:5-44
MERGED from [com.android.support:cardview-v7:27.1.0] AndroidManifest.xml:20:5-44
MERGED from [de.hdodenhof:circleimageview:2.2.0] AndroidManifest.xml:5:5-7:41
MERGED from [de.hdodenhof:circleimageview:2.2.0] AndroidManifest.xml:5:5-7:41
MERGED from [:animationTools] AndroidManifest.xml:7:5-9:41
MERGED from [:animationTools] AndroidManifest.xml:7:5-9:41
MERGED from [io.reactivex.rxjava2:rxandroid:2.0.1] AndroidManifest.xml:19:5-43
MERGED from [io.reactivex.rxjava2:rxandroid:2.0.1] AndroidManifest.xml:19:5-43
MERGED from [id.zelory:compressor:2.1.0] AndroidManifest.xml:8:5-10:41
MERGED from [id.zelory:compressor:2.1.0] AndroidManifest.xml:8:5-10:41
MERGED from [com.jakewharton:butterknife:8.5.1] AndroidManifest.xml:5:5-43
MERGED from [com.jakewharton:butterknife:8.5.1] AndroidManifest.xml:5:5-43
MERGED from [top.zibin:Luban:1.1.3] AndroidManifest.xml:7:5-9:41
MERGED from [top.zibin:Luban:1.1.3] AndroidManifest.xml:7:5-9:41
MERGED from [com.ghnor:flora:1.0.0-alpha1] AndroidManifest.xml:7:5-9:41
MERGED from [com.ghnor:flora:1.0.0-alpha1] AndroidManifest.xml:7:5-9:41
MERGED from [com.youth.banner:banner:1.4.10] AndroidManifest.xml:7:5-9:41
MERGED from [com.youth.banner:banner:1.4.10] AndroidManifest.xml:7:5-9:41
MERGED from [com.github.orangegangsters:swipy:1.2.3] AndroidManifest.xml:7:5-9:41
MERGED from [com.github.orangegangsters:swipy:1.2.3] AndroidManifest.xml:7:5-9:41
MERGED from [com.scwang.smartrefresh:SmartRefreshLayout:1.0.5-alpha-3] AndroidManifest.xml:7:5-9:41
MERGED from [com.scwang.smartrefresh:SmartRefreshLayout:1.0.5-alpha-3] AndroidManifest.xml:7:5-9:41
MERGED from [:LiteAVSDK_Player_4.1.3173:] AndroidManifest.xml:7:5-9:41
MERGED from [:LiteAVSDK_Player_4.1.3173:] AndroidManifest.xml:7:5-9:41
MERGED from [com.github.ctiao:DanmakuFlameMaster:0.9.25] AndroidManifest.xml:22:5-24:41
MERGED from [com.github.ctiao:DanmakuFlameMaster:0.9.25] AndroidManifest.xml:22:5-24:41
MERGED from [com.github.ctiao:ndkbitmap-armv7a:0.9.21] AndroidManifest.xml:7:5-9:41
MERGED from [com.github.ctiao:ndkbitmap-armv7a:0.9.21] AndroidManifest.xml:7:5-9:41
MERGED from [q.rorbin:badgeview:1.1.3] AndroidManifest.xml:7:5-9:41
MERGED from [q.rorbin:badgeview:1.1.3] AndroidManifest.xml:7:5-9:41
MERGED from [com.tbruyelle.rxpermissions2:rxpermissions:0.9.5] AndroidManifest.xml:7:5-9:41
MERGED from [com.tbruyelle.rxpermissions2:rxpermissions:0.9.5] AndroidManifest.xml:7:5-9:41
MERGED from [com.android.support:support-fragment:27.1.0] AndroidManifest.xml:20:5-44
MERGED from [com.android.support:support-fragment:27.1.0] AndroidManifest.xml:20:5-44
MERGED from [com.android.support:animated-vector-drawable:27.1.0] AndroidManifest.xml:20:5-44
MERGED from [com.android.support:animated-vector-drawable:27.1.0] AndroidManifest.xml:20:5-44
MERGED from [com.android.support:support-core-ui:27.1.0] AndroidManifest.xml:20:5-44
MERGED from [com.android.support:support-core-ui:27.1.0] AndroidManifest.xml:20:5-44
MERGED from [com.android.support:support-core-utils:27.1.0] AndroidManifest.xml:20:5-44
MERGED from [com.android.support:support-core-utils:27.1.0] AndroidManifest.xml:20:5-44
MERGED from [com.android.support:support-vector-drawable:27.1.0] AndroidManifest.xml:20:5-44
MERGED from [com.android.support:support-vector-drawable:27.1.0] AndroidManifest.xml:20:5-44
MERGED from [com.android.support:transition:27.1.0] AndroidManifest.xml:20:5-44
MERGED from [com.android.support:transition:27.1.0] AndroidManifest.xml:20:5-44
MERGED from [com.android.support:support-media-compat:27.1.0] AndroidManifest.xml:20:5-44
MERGED from [com.android.support:support-media-compat:27.1.0] AndroidManifest.xml:20:5-44
MERGED from [com.android.support:support-compat:27.1.0] AndroidManifest.xml:20:5-44
MERGED from [com.android.support:support-compat:27.1.0] AndroidManifest.xml:20:5-44
MERGED from [io.reactivex:rxandroid:1.2.0] AndroidManifest.xml:19:5-43
MERGED from [io.reactivex:rxandroid:1.2.0] AndroidManifest.xml:19:5-43
MERGED from [android.arch.lifecycle:livedata-core:1.1.0] AndroidManifest.xml:20:5-44
MERGED from [android.arch.lifecycle:livedata-core:1.1.0] AndroidManifest.xml:20:5-44
MERGED from [android.arch.lifecycle:viewmodel:1.1.0] AndroidManifest.xml:20:5-44
MERGED from [android.arch.lifecycle:viewmodel:1.1.0] AndroidManifest.xml:20:5-44
MERGED from [android.arch.lifecycle:runtime:1.1.0] AndroidManifest.xml:20:5-44
MERGED from [android.arch.lifecycle:runtime:1.1.0] AndroidManifest.xml:20:5-44
MERGED from [android.arch.core:runtime:1.1.0] AndroidManifest.xml:20:5-44
MERGED from [android.arch.core:runtime:1.1.0] AndroidManifest.xml:20:5-44
INJECTED from src/main/AndroidManifest.xml
INJECTED from src/main/AndroidManifest.xml
	android:targetSdkVersion
		INJECTED from src/main/AndroidManifest.xml
		ADDED from src/main/AndroidManifest.xml
		INJECTED from src/main/AndroidManifest.xml
	android:minSdkVersion
		INJECTED from src/main/AndroidManifest.xml
		ADDED from src/main/AndroidManifest.xml
		INJECTED from src/main/AndroidManifest.xml
activity#com.google.android.gms.common.api.GoogleApiActivity
ADDED from [com.google.android.gms:play-services-base:11.4.0] AndroidManifest.xml:19:9-172
	android:exported
		ADDED from [com.google.android.gms:play-services-base:11.4.0] AndroidManifest.xml:19:146-170
	android:theme
		ADDED from [com.google.android.gms:play-services-base:11.4.0] AndroidManifest.xml:19:86-145
	android:name
		ADDED from [com.google.android.gms:play-services-base:11.4.0] AndroidManifest.xml:19:19-85
meta-data#com.google.android.gms.version
ADDED from [com.google.android.gms:play-services-basement:11.4.0] AndroidManifest.xml:20:9-121
	android:value
		ADDED from [com.google.android.gms:play-services-basement:11.4.0] AndroidManifest.xml:20:66-119
	android:name
		ADDED from [com.google.android.gms:play-services-basement:11.4.0] AndroidManifest.xml:20:20-65